This file contains any messages produced by compilers while
running configure, to aid debugging if configure makes a mistake.

It was created by GStreamer RTSP Server Library configure 1.11.90, which was
generated by GNU Autoconf 2.69.  Invocation command line was

  $ ./configure --prefix=/home/ubuntu/gstreamer/out

## --------- ##
## Platform. ##
## --------- ##

hostname = ubuntu
uname -m = x86_64
uname -r = 4.2.0-27-generic
uname -s = Linux
uname -v = #32~14.04.1-Ubuntu SMP Fri Jan 22 15:32:26 UTC 2016

/usr/bin/uname -p = unknown
/bin/uname -X     = unknown

/bin/arch              = unknown
/usr/bin/arch -k       = unknown
/usr/convex/getsysinfo = unknown
/usr/bin/hostinfo      = unknown
/bin/machine           = unknown
/usr/bin/oslevel       = unknown
/bin/universe          = unknown

PATH: /opt/android-ndk-r10
PATH: /opt/adt-bundle-linux-x86_64-20140702/sdk/tools
PATH: /opt/adt-bundle-linux-x86_64-20140702/sdk/platform-tools
PATH: /usr/local/sbin
PATH: /usr/local/bin
PATH: /usr/sbin
PATH: /usr/bin
PATH: /sbin
PATH: /bin
PATH: /usr/games
PATH: /usr/local/games
PATH: /opt/jdk1.7.0_79/bin


## ----------- ##
## Core tests. ##
## ----------- ##

configure:2474: checking build system type
configure:2488: result: x86_64-pc-linux-gnu
configure:2508: checking host system type
configure:2521: result: x86_64-pc-linux-gnu
configure:2541: checking target system type
configure:2554: result: x86_64-pc-linux-gnu
configure:2600: checking for a BSD-compatible install
configure:2668: result: /usr/bin/install -c
configure:2679: checking whether build environment is sane
configure:2734: result: yes
configure:2885: checking for a thread-safe mkdir -p
configure:2924: result: /bin/mkdir -p
configure:2931: checking for gawk
configure:2961: result: no
configure:2931: checking for mawk
configure:2947: found /usr/bin/mawk
configure:2958: result: mawk
configure:2969: checking whether make sets $(MAKE)
configure:2991: result: yes
configure:3020: checking whether make supports nested variables
configure:3037: result: yes
configure:3126: checking whether UID '1000' is supported by ustar format
configure:3129: result: yes
configure:3136: checking whether GID '1000' is supported by ustar format
configure:3139: result: yes
configure:3147: checking how to create a ustar tar archive
configure:3158: tar --version
tar (GNU tar) 1.27.1
Copyright (C) 2013 Free Software Foundation, Inc.
License GPLv3+: GNU GPL version 3 or later <http://gnu.org/licenses/gpl.html>.
This is free software: you are free to change and redistribute it.
There is NO WARRANTY, to the extent permitted by law.

Written by John Gilmore and Jay Fenlason.
configure:3161: $? = 0
configure:3201: tardir=conftest.dir && eval tar --format=ustar -chf - "$tardir" >conftest.tar
configure:3204: $? = 0
configure:3208: tar -xf - <conftest.tar
configure:3211: $? = 0
configure:3213: cat conftest.dir/file
GrepMe
configure:3216: $? = 0
configure:3229: result: gnutar
configure:3291: checking nano version
configure:3297: result: 0 (release)
configure:3323: checking whether to enable maintainer-specific portions of Makefiles
configure:3332: result: yes
configure:3359: checking whether make supports nested variables
configure:3376: result: yes
configure:3437: checking how to print strings
configure:3464: result: printf
configure:3497: checking for style of include used by make
configure:3525: result: GNU
configure:3596: checking for gcc
configure:3612: found /usr/bin/gcc
configure:3623: result: gcc
configure:3852: checking for C compiler version
configure:3861: gcc --version >&5
gcc (Ubuntu 4.8.4-2ubuntu1~14.04.3) 4.8.4
Copyright (C) 2013 Free Software Foundation, Inc.
This is free software; see the source for copying conditions.  There is NO
warranty; not even for MERCHANTABILITY or FITNESS FOR A PARTICULAR PURPOSE.

configure:3872: $? = 0
configure:3861: gcc -v >&5
Using built-in specs.
COLLECT_GCC=gcc
COLLECT_LTO_WRAPPER=/usr/lib/gcc/x86_64-linux-gnu/4.8/lto-wrapper
Target: x86_64-linux-gnu
Configured with: ../src/configure -v --with-pkgversion='Ubuntu 4.8.4-2ubuntu1~14.04.3' --with-bugurl=file:///usr/share/doc/gcc-4.8/README.Bugs --enable-languages=c,c++,java,go,d,fortran,objc,obj-c++ --prefix=/usr --program-suffix=-4.8 --enable-shared --enable-linker-build-id --libexecdir=/usr/lib --without-included-gettext --enable-threads=posix --with-gxx-include-dir=/usr/include/c++/4.8 --libdir=/usr/lib --enable-nls --with-sysroot=/ --enable-clocale=gnu --enable-libstdcxx-debug --enable-libstdcxx-time=yes --enable-gnu-unique-object --disable-libmudflap --enable-plugin --with-system-zlib --disable-browser-plugin --enable-java-awt=gtk --enable-gtk-cairo --with-java-home=/usr/lib/jvm/java-1.5.0-gcj-4.8-amd64/jre --enable-java-home --with-jvm-root-dir=/usr/lib/jvm/java-1.5.0-gcj-4.8-amd64 --with-jvm-jar-dir=/usr/lib/jvm-exports/java-1.5.0-gcj-4.8-amd64 --with-arch-directory=amd64 --with-ecj-jar=/usr/share/java/eclipse-ecj.jar --enable-objc-gc --enable-multiarch --disable-werror --with-arch-32=i686 --with-abi=m64 --with-multilib-list=m32,m64,mx32 --with-tune=generic --enable-checking=release --build=x86_64-linux-gnu --host=x86_64-linux-gnu --target=x86_64-linux-gnu
Thread model: posix
gcc version 4.8.4 (Ubuntu 4.8.4-2ubuntu1~14.04.3) 
configure:3872: $? = 0
configure:3861: gcc -V >&5
gcc: error: unrecognized command line option '-V'
gcc: fatal error: no input files
compilation terminated.
configure:3872: $? = 4
configure:3861: gcc -qversion >&5
gcc: error: unrecognized command line option '-qversion'
gcc: fatal error: no input files
compilation terminated.
configure:3872: $? = 4
configure:3892: checking whether the C compiler works
configure:3914: gcc    conftest.c  >&5
configure:3918: $? = 0
configure:3966: result: yes
configure:3969: checking for C compiler default output file name
configure:3971: result: a.out
configure:3977: checking for suffix of executables
configure:3984: gcc -o conftest    conftest.c  >&5
configure:3988: $? = 0
configure:4010: result: 
configure:4032: checking whether we are cross compiling
configure:4040: gcc -o conftest    conftest.c  >&5
configure:4044: $? = 0
configure:4051: ./conftest
configure:4055: $? = 0
configure:4070: result: no
configure:4075: checking for suffix of object files
configure:4097: gcc -c   conftest.c >&5
configure:4101: $? = 0
configure:4122: result: o
configure:4126: checking whether we are using the GNU C compiler
configure:4145: gcc -c   conftest.c >&5
configure:4145: $? = 0
configure:4154: result: yes
configure:4163: checking whether gcc accepts -g
configure:4183: gcc -c -g  conftest.c >&5
configure:4183: $? = 0
configure:4224: result: yes
configure:4241: checking for gcc option to accept ISO C89
configure:4304: gcc  -c -g -O2  conftest.c >&5
configure:4304: $? = 0
configure:4317: result: none needed
configure:4342: checking whether gcc understands -c and -o together
configure:4364: gcc -c conftest.c -o conftest2.o
configure:4367: $? = 0
configure:4364: gcc -c conftest.c -o conftest2.o
configure:4367: $? = 0
configure:4379: result: yes
configure:4398: checking dependency style of gcc
configure:4509: result: gcc3
configure:4524: checking for a sed that does not truncate output
configure:4588: result: /bin/sed
configure:4606: checking for grep that handles long lines and -e
configure:4664: result: /bin/grep
configure:4669: checking for egrep
configure:4731: result: /bin/grep -E
configure:4736: checking for fgrep
configure:4798: result: /bin/grep -F
configure:4833: checking for ld used by gcc
configure:4900: result: /usr/bin/ld
configure:4907: checking if the linker (/usr/bin/ld) is GNU ld
configure:4922: result: yes
configure:4934: checking for BSD- or MS-compatible name lister (nm)
configure:4988: result: /usr/bin/nm -B
configure:5118: checking the name lister (/usr/bin/nm -B) interface
configure:5125: gcc -c -g -O2  conftest.c >&5
configure:5128: /usr/bin/nm -B "conftest.o"
configure:5131: output
0000000000000000 B some_variable
configure:5138: result: BSD nm
configure:5141: checking whether ln -s works
configure:5145: result: yes
configure:5153: checking the maximum length of command line arguments
configure:5284: result: 1572864
configure:5332: checking how to convert x86_64-pc-linux-gnu file names to x86_64-pc-linux-gnu format
configure:5372: result: func_convert_file_noop
configure:5379: checking how to convert x86_64-pc-linux-gnu file names to toolchain format
configure:5399: result: func_convert_file_noop
configure:5406: checking for /usr/bin/ld option to reload object files
configure:5413: result: -r
configure:5487: checking for objdump
configure:5503: found /usr/bin/objdump
configure:5514: result: objdump
configure:5543: checking how to recognize dependent libraries
configure:5743: result: pass_all
configure:5828: checking for dlltool
configure:5858: result: no
configure:5885: checking how to associate runtime and link libraries
configure:5912: result: printf %s\n
configure:5973: checking for ar
configure:5989: found /usr/bin/ar
configure:6000: result: ar
configure:6037: checking for archiver @FILE support
configure:6054: gcc -c -g -O2  conftest.c >&5
configure:6054: $? = 0
configure:6057: ar cru libconftest.a @conftest.lst >&5
configure:6060: $? = 0
configure:6065: ar cru libconftest.a @conftest.lst >&5
ar: conftest.o: No such file or directory
configure:6068: $? = 1
configure:6080: result: @
configure:6138: checking for strip
configure:6154: found /usr/bin/strip
configure:6165: result: strip
configure:6237: checking for ranlib
configure:6253: found /usr/bin/ranlib
configure:6264: result: ranlib
configure:6366: checking command to parse /usr/bin/nm -B output from gcc object
configure:6519: gcc -c -g -O2  conftest.c >&5
configure:6522: $? = 0
configure:6526: /usr/bin/nm -B conftest.o \| sed -n -e 's/^.*[ ]\([ABCDGIRSTW][ABCDGIRSTW]*\)[ ][ ]*\([_A-Za-z][_A-Za-z0-9]*\)$/\1 \2 \2/p' | sed '/ __gnu_lto/d' \> conftest.nm
configure:6529: $? = 0
configure:6595: gcc -o conftest -g -O2   conftest.c conftstm.o >&5
configure:6598: $? = 0
configure:6636: result: ok
configure:6683: checking for sysroot
configure:6713: result: no
configure:6720: checking for a working dd
configure:6758: result: /bin/dd
configure:6762: checking how to truncate binary pipes
configure:6777: result: /bin/dd bs=4096 count=1
configure:6913: gcc -c -g -O2  conftest.c >&5
configure:6916: $? = 0
configure:7106: checking for mt
configure:7122: found /bin/mt
configure:7133: result: mt
configure:7156: checking if mt is a manifest tool
configure:7162: mt '-?'
configure:7170: result: no
configure:7847: checking how to run the C preprocessor
configure:7878: gcc -E  conftest.c
configure:7878: $? = 0
configure:7892: gcc -E  conftest.c
conftest.c:11:28: fatal error: ac_nonexistent.h: No such file or directory
 #include <ac_nonexistent.h>
                            ^
compilation terminated.
configure:7892: $? = 1
configure: failed program was:
| /* confdefs.h */
| #define PACKAGE_NAME "GStreamer RTSP Server Library"
| #define PACKAGE_TARNAME "gst-rtsp-server"
| #define PACKAGE_VERSION "1.11.90"
| #define PACKAGE_STRING "GStreamer RTSP Server Library 1.11.90"
| #define PACKAGE_BUGREPORT "http://bugzilla.gnome.org/enter_bug.cgi?product=GStreamer"
| #define PACKAGE_URL ""
| #define PACKAGE "gst-rtsp-server"
| #define VERSION "1.11.90"
| /* end confdefs.h.  */
| #include <ac_nonexistent.h>
configure:7917: result: gcc -E
configure:7937: gcc -E  conftest.c
configure:7937: $? = 0
configure:7951: gcc -E  conftest.c
conftest.c:11:28: fatal error: ac_nonexistent.h: No such file or directory
 #include <ac_nonexistent.h>
                            ^
compilation terminated.
configure:7951: $? = 1
configure: failed program was:
| /* confdefs.h */
| #define PACKAGE_NAME "GStreamer RTSP Server Library"
| #define PACKAGE_TARNAME "gst-rtsp-server"
| #define PACKAGE_VERSION "1.11.90"
| #define PACKAGE_STRING "GStreamer RTSP Server Library 1.11.90"
| #define PACKAGE_BUGREPORT "http://bugzilla.gnome.org/enter_bug.cgi?product=GStreamer"
| #define PACKAGE_URL ""
| #define PACKAGE "gst-rtsp-server"
| #define VERSION "1.11.90"
| /* end confdefs.h.  */
| #include <ac_nonexistent.h>
configure:7980: checking for ANSI C header files
configure:8000: gcc -c -g -O2  conftest.c >&5
configure:8000: $? = 0
configure:8073: gcc -o conftest -g -O2   conftest.c  >&5
configure:8073: $? = 0
configure:8073: ./conftest
configure:8073: $? = 0
configure:8084: result: yes
configure:8097: checking for sys/types.h
configure:8097: gcc -c -g -O2  conftest.c >&5
configure:8097: $? = 0
configure:8097: result: yes
configure:8097: checking for sys/stat.h
configure:8097: gcc -c -g -O2  conftest.c >&5
configure:8097: $? = 0
configure:8097: result: yes
configure:8097: checking for stdlib.h
configure:8097: gcc -c -g -O2  conftest.c >&5
configure:8097: $? = 0
configure:8097: result: yes
configure:8097: checking for string.h
configure:8097: gcc -c -g -O2  conftest.c >&5
configure:8097: $? = 0
configure:8097: result: yes
configure:8097: checking for memory.h
configure:8097: gcc -c -g -O2  conftest.c >&5
configure:8097: $? = 0
configure:8097: result: yes
configure:8097: checking for strings.h
configure:8097: gcc -c -g -O2  conftest.c >&5
configure:8097: $? = 0
configure:8097: result: yes
configure:8097: checking for inttypes.h
configure:8097: gcc -c -g -O2  conftest.c >&5
configure:8097: $? = 0
configure:8097: result: yes
configure:8097: checking for stdint.h
configure:8097: gcc -c -g -O2  conftest.c >&5
configure:8097: $? = 0
configure:8097: result: yes
configure:8097: checking for unistd.h
configure:8097: gcc -c -g -O2  conftest.c >&5
configure:8097: $? = 0
configure:8097: result: yes
configure:8111: checking for dlfcn.h
configure:8111: gcc -c -g -O2  conftest.c >&5
configure:8111: $? = 0
configure:8111: result: yes
configure:8681: checking for objdir
configure:8696: result: .libs
configure:8960: checking if gcc supports -fno-rtti -fno-exceptions
configure:8978: gcc -c -g -O2  -fno-rtti -fno-exceptions conftest.c >&5
cc1: warning: command line option '-fno-rtti' is valid for C++/ObjC++ but not for C [enabled by default]
configure:8982: $? = 0
configure:8995: result: no
configure:9353: checking for gcc option to produce PIC
configure:9360: result: -fPIC -DPIC
configure:9368: checking if gcc PIC flag -fPIC -DPIC works
configure:9386: gcc -c -g -O2  -fPIC -DPIC -DPIC conftest.c >&5
configure:9390: $? = 0
configure:9403: result: yes
configure:9432: checking if gcc static flag -static works
configure:9460: result: yes
configure:9475: checking if gcc supports -c -o file.o
configure:9496: gcc -c -g -O2  -o out/conftest2.o conftest.c >&5
configure:9500: $? = 0
configure:9522: result: yes
configure:9530: checking if gcc supports -c -o file.o
configure:9577: result: yes
configure:9610: checking whether the gcc linker (/usr/bin/ld -m elf_x86_64) supports shared libraries
configure:10873: result: yes
configure:10910: checking whether -lc should be explicitly linked in
configure:10918: gcc -c -g -O2  conftest.c >&5
configure:10921: $? = 0
configure:10936: gcc -shared  -fPIC -DPIC conftest.o  -v -Wl,-soname -Wl,conftest -o conftest 2\>\&1 \| /bin/grep  -lc  \>/dev/null 2\>\&1
configure:10939: $? = 0
configure:10953: result: no
configure:11113: checking dynamic linker characteristics
configure:11694: gcc -o conftest -g -O2   -Wl,-rpath -Wl,/foo conftest.c  >&5
configure:11694: $? = 0
configure:11943: result: GNU/Linux ld.so
configure:12065: checking how to hardcode library paths into programs
configure:12090: result: immediate
configure:12192: checking for shl_load
configure:12192: gcc -o conftest -g -O2   conftest.c  >&5
/tmp/ccpHWy3X.o: In function `main':
/home/ubuntu/Downloads/Gstreamer1.9/gst-rtsp-server-1.11.90/conftest.c:57: undefined reference to `shl_load'
collect2: error: ld returned 1 exit status
configure:12192: $? = 1
configure: failed program was:
| /* confdefs.h */
| #define PACKAGE_NAME "GStreamer RTSP Server Library"
| #define PACKAGE_TARNAME "gst-rtsp-server"
| #define PACKAGE_VERSION "1.11.90"
| #define PACKAGE_STRING "GStreamer RTSP Server Library 1.11.90"
| #define PACKAGE_BUGREPORT "http://bugzilla.gnome.org/enter_bug.cgi?product=GStreamer"
| #define PACKAGE_URL ""
| #define PACKAGE "gst-rtsp-server"
| #define VERSION "1.11.90"
| #define STDC_HEADERS 1
| #define HAVE_SYS_TYPES_H 1
| #define HAVE_SYS_STAT_H 1
| #define HAVE_STDLIB_H 1
| #define HAVE_STRING_H 1
| #define HAVE_MEMORY_H 1
| #define HAVE_STRINGS_H 1
| #define HAVE_INTTYPES_H 1
| #define HAVE_STDINT_H 1
| #define HAVE_UNISTD_H 1
| #define HAVE_DLFCN_H 1
| #define LT_OBJDIR ".libs/"
| /* end confdefs.h.  */
| /* Define shl_load to an innocuous variant, in case <limits.h> declares shl_load.
|    For example, HP-UX 11i <limits.h> declares gettimeofday.  */
| #define shl_load innocuous_shl_load
| 
| /* System header to define __stub macros and hopefully few prototypes,
|     which can conflict with char shl_load (); below.
|     Prefer <limits.h> to <assert.h> if __STDC__ is defined, since
|     <limits.h> exists even on freestanding compilers.  */
| 
| #ifdef __STDC__
| # include <limits.h>
| #else
| # include <assert.h>
| #endif
| 
| #undef shl_load
| 
| /* Override any GCC internal prototype to avoid an error.
|    Use char because int might match the return type of a GCC
|    builtin and then its argument prototype would still apply.  */
| #ifdef __cplusplus
| extern "C"
| #endif
| char shl_load ();
| /* The GNU C library defines this for functions which it implements
|     to always fail with ENOSYS.  Some functions are actually named
|     something starting with __ and the normal name is an alias.  */
| #if defined __stub_shl_load || defined __stub___shl_load
| choke me
| #endif
| 
| int
| main ()
| {
| return shl_load ();
|   ;
|   return 0;
| }
configure:12192: result: no
configure:12196: checking for shl_load in -ldld
configure:12221: gcc -o conftest -g -O2   conftest.c -ldld   >&5
/usr/bin/ld: cannot find -ldld
collect2: error: ld returned 1 exit status
configure:12221: $? = 1
configure: failed program was:
| /* confdefs.h */
| #define PACKAGE_NAME "GStreamer RTSP Server Library"
| #define PACKAGE_TARNAME "gst-rtsp-server"
| #define PACKAGE_VERSION "1.11.90"
| #define PACKAGE_STRING "GStreamer RTSP Server Library 1.11.90"
| #define PACKAGE_BUGREPORT "http://bugzilla.gnome.org/enter_bug.cgi?product=GStreamer"
| #define PACKAGE_URL ""
| #define PACKAGE "gst-rtsp-server"
| #define VERSION "1.11.90"
| #define STDC_HEADERS 1
| #define HAVE_SYS_TYPES_H 1
| #define HAVE_SYS_STAT_H 1
| #define HAVE_STDLIB_H 1
| #define HAVE_STRING_H 1
| #define HAVE_MEMORY_H 1
| #define HAVE_STRINGS_H 1
| #define HAVE_INTTYPES_H 1
| #define HAVE_STDINT_H 1
| #define HAVE_UNISTD_H 1
| #define HAVE_DLFCN_H 1
| #define LT_OBJDIR ".libs/"
| /* end confdefs.h.  */
| 
| /* Override any GCC internal prototype to avoid an error.
|    Use char because int might match the return type of a GCC
|    builtin and then its argument prototype would still apply.  */
| #ifdef __cplusplus
| extern "C"
| #endif
| char shl_load ();
| int
| main ()
| {
| return shl_load ();
|   ;
|   return 0;
| }
configure:12230: result: no
configure:12235: checking for dlopen
configure:12235: gcc -o conftest -g -O2   conftest.c  >&5
/tmp/cc8iz23V.o: In function `main':
/home/ubuntu/Downloads/Gstreamer1.9/gst-rtsp-server-1.11.90/conftest.c:57: undefined reference to `dlopen'
collect2: error: ld returned 1 exit status
configure:12235: $? = 1
configure: failed program was:
| /* confdefs.h */
| #define PACKAGE_NAME "GStreamer RTSP Server Library"
| #define PACKAGE_TARNAME "gst-rtsp-server"
| #define PACKAGE_VERSION "1.11.90"
| #define PACKAGE_STRING "GStreamer RTSP Server Library 1.11.90"
| #define PACKAGE_BUGREPORT "http://bugzilla.gnome.org/enter_bug.cgi?product=GStreamer"
| #define PACKAGE_URL ""
| #define PACKAGE "gst-rtsp-server"
| #define VERSION "1.11.90"
| #define STDC_HEADERS 1
| #define HAVE_SYS_TYPES_H 1
| #define HAVE_SYS_STAT_H 1
| #define HAVE_STDLIB_H 1
| #define HAVE_STRING_H 1
| #define HAVE_MEMORY_H 1
| #define HAVE_STRINGS_H 1
| #define HAVE_INTTYPES_H 1
| #define HAVE_STDINT_H 1
| #define HAVE_UNISTD_H 1
| #define HAVE_DLFCN_H 1
| #define LT_OBJDIR ".libs/"
| /* end confdefs.h.  */
| /* Define dlopen to an innocuous variant, in case <limits.h> declares dlopen.
|    For example, HP-UX 11i <limits.h> declares gettimeofday.  */
| #define dlopen innocuous_dlopen
| 
| /* System header to define __stub macros and hopefully few prototypes,
|     which can conflict with char dlopen (); below.
|     Prefer <limits.h> to <assert.h> if __STDC__ is defined, since
|     <limits.h> exists even on freestanding compilers.  */
| 
| #ifdef __STDC__
| # include <limits.h>
| #else
| # include <assert.h>
| #endif
| 
| #undef dlopen
| 
| /* Override any GCC internal prototype to avoid an error.
|    Use char because int might match the return type of a GCC
|    builtin and then its argument prototype would still apply.  */
| #ifdef __cplusplus
| extern "C"
| #endif
| char dlopen ();
| /* The GNU C library defines this for functions which it implements
|     to always fail with ENOSYS.  Some functions are actually named
|     something starting with __ and the normal name is an alias.  */
| #if defined __stub_dlopen || defined __stub___dlopen
| choke me
| #endif
| 
| int
| main ()
| {
| return dlopen ();
|   ;
|   return 0;
| }
configure:12235: result: no
configure:12239: checking for dlopen in -ldl
configure:12264: gcc -o conftest -g -O2   conftest.c -ldl   >&5
configure:12264: $? = 0
configure:12273: result: yes
configure:12392: checking whether a program can dlopen itself
configure:12472: gcc -o conftest -g -O2  -DHAVE_DLFCN_H  -Wl,--export-dynamic conftest.c -ldl  >&5
configure:12475: $? = 0
configure:12493: result: yes
configure:12498: checking whether a statically linked program can dlopen itself
configure:12578: gcc -o conftest -g -O2  -DHAVE_DLFCN_H  -Wl,--export-dynamic -static conftest.c -ldl  >&5
/tmp/cciLFaW3.o: In function `main':
/home/ubuntu/Downloads/Gstreamer1.9/gst-rtsp-server-1.11.90/configure:12557: warning: Using 'dlopen' in statically linked applications requires at runtime the shared libraries from the glibc version used for linking
/usr/bin/ld: dynamic STT_GNU_IFUNC symbol `strcmp' with pointer equality in `/usr/lib/gcc/x86_64-linux-gnu/4.8/../../../x86_64-linux-gnu/libc.a(strcmp.o)' can not be used when making an executable; recompile with -fPIE and relink with -pie
collect2: error: ld returned 1 exit status
configure:12581: $? = 1
configure:12599: result: no
configure:12638: checking whether stripping libraries is possible
configure:12643: result: yes
configure:12678: checking if libtool supports shared libraries
configure:12680: result: yes
configure:12683: checking whether to build shared libraries
configure:12708: result: yes
configure:12711: checking whether to build static libraries
configure:12715: result: no
configure:12939: checking for pkg-config
configure:12957: found /usr/bin/pkg-config
configure:12969: result: /usr/bin/pkg-config
configure:12994: checking pkg-config is at least version 0.9.0
configure:12997: result: yes
configure:13023: checking for VALGRIND
configure:13031: $PKG_CONFIG --exists --print-errors "valgrind >= $VALGRIND_REQ"
Package valgrind was not found in the pkg-config search path.
Perhaps you should add the directory containing `valgrind.pc'
to the PKG_CONFIG_PATH environment variable
No package 'valgrind' found
configure:13034: $? = 1
configure:13049: $PKG_CONFIG --exists --print-errors "valgrind >= $VALGRIND_REQ"
Package valgrind was not found in the pkg-config search path.
Perhaps you should add the directory containing `valgrind.pc'
to the PKG_CONFIG_PATH environment variable
No package 'valgrind' found
configure:13052: $? = 1
No package 'valgrind' found
configure:13080: result: no
configure:13269: Using GStreamer RTSP Server Library source release as package name
configure:13293: Using Unknown package origin as package origin
configure:13332: Using GST_PKG_CONFIG_PATH = $(top_builddir)/pkgconfig:/home/ubuntu/gstreamer/out/lib/pkgconfig
configure:13366: Setting GST_PACKAGE_RELEASE_DATETIME to 2017-04-07
configure:13490: checking for gcc
configure:13517: result: gcc
configure:13746: checking for C compiler version
configure:13755: gcc --version >&5
gcc (Ubuntu 4.8.4-2ubuntu1~14.04.3) 4.8.4
Copyright (C) 2013 Free Software Foundation, Inc.
This is free software; see the source for copying conditions.  There is NO
warranty; not even for MERCHANTABILITY or FITNESS FOR A PARTICULAR PURPOSE.

configure:13766: $? = 0
configure:13755: gcc -v >&5
Using built-in specs.
COLLECT_GCC=gcc
COLLECT_LTO_WRAPPER=/usr/lib/gcc/x86_64-linux-gnu/4.8/lto-wrapper
Target: x86_64-linux-gnu
Configured with: ../src/configure -v --with-pkgversion='Ubuntu 4.8.4-2ubuntu1~14.04.3' --with-bugurl=file:///usr/share/doc/gcc-4.8/README.Bugs --enable-languages=c,c++,java,go,d,fortran,objc,obj-c++ --prefix=/usr --program-suffix=-4.8 --enable-shared --enable-linker-build-id --libexecdir=/usr/lib --without-included-gettext --enable-threads=posix --with-gxx-include-dir=/usr/include/c++/4.8 --libdir=/usr/lib --enable-nls --with-sysroot=/ --enable-clocale=gnu --enable-libstdcxx-debug --enable-libstdcxx-time=yes --enable-gnu-unique-object --disable-libmudflap --enable-plugin --with-system-zlib --disable-browser-plugin --enable-java-awt=gtk --enable-gtk-cairo --with-java-home=/usr/lib/jvm/java-1.5.0-gcj-4.8-amd64/jre --enable-java-home --with-jvm-root-dir=/usr/lib/jvm/java-1.5.0-gcj-4.8-amd64 --with-jvm-jar-dir=/usr/lib/jvm-exports/java-1.5.0-gcj-4.8-amd64 --with-arch-directory=amd64 --with-ecj-jar=/usr/share/java/eclipse-ecj.jar --enable-objc-gc --enable-multiarch --disable-werror --with-arch-32=i686 --with-abi=m64 --with-multilib-list=m32,m64,mx32 --with-tune=generic --enable-checking=release --build=x86_64-linux-gnu --host=x86_64-linux-gnu --target=x86_64-linux-gnu
Thread model: posix
gcc version 4.8.4 (Ubuntu 4.8.4-2ubuntu1~14.04.3) 
configure:13766: $? = 0
configure:13755: gcc -V >&5
gcc: error: unrecognized command line option '-V'
gcc: fatal error: no input files
compilation terminated.
configure:13766: $? = 4
configure:13755: gcc -qversion >&5
gcc: error: unrecognized command line option '-qversion'
gcc: fatal error: no input files
compilation terminated.
configure:13766: $? = 4
configure:13770: checking whether we are using the GNU C compiler
configure:13798: result: yes
configure:13807: checking whether gcc accepts -g
configure:13868: result: yes
configure:13885: checking for gcc option to accept ISO C89
configure:13961: result: none needed
configure:13986: checking whether gcc understands -c and -o together
configure:14023: result: yes
configure:14042: checking dependency style of gcc
configure:14153: result: gcc3
configure:14172: checking for gcc option to accept ISO C99
configure:14321: gcc  -c -g -O2  conftest.c >&5
conftest.c:76:29: error: expected ';', ',' or ')' before 'text'
 test_restrict (ccp restrict text)
                             ^
conftest.c: In function 'main':
conftest.c:130:18: error: expected '=', ',', ';', 'asm' or '__attribute__' before 'newvar'
   char *restrict newvar = "Another string";
                  ^
conftest.c:130:18: error: 'newvar' undeclared (first use in this function)
conftest.c:130:18: note: each undeclared identifier is reported only once for each function it appears in
conftest.c:140:3: error: 'for' loop initial declarations are only allowed in C99 mode
   for (int i = 0; i < ia->datasize; ++i)
   ^
conftest.c:140:3: note: use option -std=c99 or -std=gnu99 to compile your code
configure:14321: $? = 1
configure: failed program was:
| /* confdefs.h */
| #define PACKAGE_NAME "GStreamer RTSP Server Library"
| #define PACKAGE_TARNAME "gst-rtsp-server"
| #define PACKAGE_VERSION "1.11.90"
| #define PACKAGE_STRING "GStreamer RTSP Server Library 1.11.90"
| #define PACKAGE_BUGREPORT "http://bugzilla.gnome.org/enter_bug.cgi?product=GStreamer"
| #define PACKAGE_URL ""
| #define PACKAGE "gst-rtsp-server"
| #define VERSION "1.11.90"
| #define STDC_HEADERS 1
| #define HAVE_SYS_TYPES_H 1
| #define HAVE_SYS_STAT_H 1
| #define HAVE_STDLIB_H 1
| #define HAVE_STRING_H 1
| #define HAVE_MEMORY_H 1
| #define HAVE_STRINGS_H 1
| #define HAVE_INTTYPES_H 1
| #define HAVE_STDINT_H 1
| #define HAVE_UNISTD_H 1
| #define HAVE_DLFCN_H 1
| #define LT_OBJDIR ".libs/"
| #define GST_PACKAGE_NAME "GStreamer RTSP Server Library source release"
| #define GST_PACKAGE_ORIGIN "Unknown package origin"
| #define GST_PACKAGE_RELEASE_DATETIME "2017-04-07"
| /* end confdefs.h.  */
| #include <stdarg.h>
| #include <stdbool.h>
| #include <stdlib.h>
| #include <wchar.h>
| #include <stdio.h>
| 
| // Check varargs macros.  These examples are taken from C99 6.10.3.5.
| #define debug(...) fprintf (stderr, __VA_ARGS__)
| #define showlist(...) puts (#__VA_ARGS__)
| #define report(test,...) ((test) ? puts (#test) : printf (__VA_ARGS__))
| static void
| test_varargs_macros (void)
| {
|   int x = 1234;
|   int y = 5678;
|   debug ("Flag");
|   debug ("X = %d\n", x);
|   showlist (The first, second, and third items.);
|   report (x>y, "x is %d but y is %d", x, y);
| }
| 
| // Check long long types.
| #define BIG64 18446744073709551615ull
| #define BIG32 4294967295ul
| #define BIG_OK (BIG64 / BIG32 == 4294967297ull && BIG64 % BIG32 == 0)
| #if !BIG_OK
|   your preprocessor is broken;
| #endif
| #if BIG_OK
| #else
|   your preprocessor is broken;
| #endif
| static long long int bignum = -9223372036854775807LL;
| static unsigned long long int ubignum = BIG64;
| 
| struct incomplete_array
| {
|   int datasize;
|   double data[];
| };
| 
| struct named_init {
|   int number;
|   const wchar_t *name;
|   double average;
| };
| 
| typedef const char *ccp;
| 
| static inline int
| test_restrict (ccp restrict text)
| {
|   // See if C++-style comments work.
|   // Iterate through items via the restricted pointer.
|   // Also check for declarations in for loops.
|   for (unsigned int i = 0; *(text+i) != '\0'; ++i)
|     continue;
|   return 0;
| }
| 
| // Check varargs and va_copy.
| static void
| test_varargs (const char *format, ...)
| {
|   va_list args;
|   va_start (args, format);
|   va_list args_copy;
|   va_copy (args_copy, args);
| 
|   const char *str;
|   int number;
|   float fnumber;
| 
|   while (*format)
|     {
|       switch (*format++)
| 	{
| 	case 's': // string
| 	  str = va_arg (args_copy, const char *);
| 	  break;
| 	case 'd': // int
| 	  number = va_arg (args_copy, int);
| 	  break;
| 	case 'f': // float
| 	  fnumber = va_arg (args_copy, double);
| 	  break;
| 	default:
| 	  break;
| 	}
|     }
|   va_end (args_copy);
|   va_end (args);
| }
| 
| int
| main ()
| {
| 
|   // Check bool.
|   _Bool success = false;
| 
|   // Check restrict.
|   if (test_restrict ("String literal") == 0)
|     success = true;
|   char *restrict newvar = "Another string";
| 
|   // Check varargs.
|   test_varargs ("s, d' f .", "string", 65, 34.234);
|   test_varargs_macros ();
| 
|   // Check flexible array members.
|   struct incomplete_array *ia =
|     malloc (sizeof (struct incomplete_array) + (sizeof (double) * 10));
|   ia->datasize = 10;
|   for (int i = 0; i < ia->datasize; ++i)
|     ia->data[i] = i * 1.234;
| 
|   // Check named initializers.
|   struct named_init ni = {
|     .number = 34,
|     .name = L"Test wide string",
|     .average = 543.34343,
|   };
| 
|   ni.number = 58;
| 
|   int dynamic_array[ni.number];
|   dynamic_array[ni.number - 1] = 543;
| 
|   // work around unused variable warnings
|   return (!success || bignum == 0LL || ubignum == 0uLL || newvar[0] == 'x'
| 	  || dynamic_array[ni.number - 1] != 543);
| 
|   ;
|   return 0;
| }
configure:14321: gcc -std=gnu99 -c -g -O2  conftest.c >&5
configure:14321: $? = 0
configure:14341: result: -std=gnu99
configure:14442: checking for gcc -std=gnu99 option to accept ISO Standard C
configure:14456: result: -std=gnu99
configure:14472: checking dependency style of gcc -std=gnu99
configure:14581: result: gcc3
configure:14599: checking for valgrind
configure:14630: result: no
configure:14658: checking for gobject-introspection
configure:14689: $PKG_CONFIG --exists --print-errors "gobject-introspection-1.0 >= 1.31.1"
Package gobject-introspection-1.0 was not found in the pkg-config search path.
Perhaps you should add the directory containing `gobject-introspection-1.0.pc'
to the PKG_CONFIG_PATH environment variable
No package 'gobject-introspection-1.0' found
configure:14692: $? = 1
configure:14703: result: no
configure:15302: checking for gtkdoc-check
configure:15320: found /usr/bin/gtkdoc-check
configure:15332: result: /usr/bin/gtkdoc-check
configure:15344: checking for gtkdoc-rebase
configure:15362: found /usr/bin/gtkdoc-rebase
configure:15374: result: /usr/bin/gtkdoc-rebase
configure:15388: checking for gtkdoc-mkpdf
configure:15406: found /usr/bin/gtkdoc-mkpdf
configure:15418: result: /usr/bin/gtkdoc-mkpdf
configure:15622: checking whether to build gtk-doc documentation
configure:15624: result: no
configure:15865: checking whether gcc -std=gnu99 is Clang
configure:15890: result: no
configure:16013: checking whether pthreads work with -pthread
configure:16107: gcc -std=gnu99 -o conftest -g -O2 -pthread   conftest.c   >&5
configure:16107: $? = 0
configure:16116: result: yes
configure:16135: checking for joinable pthread attribute
configure:16153: gcc -std=gnu99 -o conftest -g -O2 -pthread   conftest.c   >&5
configure:16153: $? = 0
configure:16161: result: PTHREAD_CREATE_JOINABLE
configure:16175: checking whether more special flags are required for pthreads
configure:16188: result: no
configure:16196: checking for PTHREAD_PRIO_INHERIT
configure:16212: gcc -std=gnu99 -o conftest -g -O2 -pthread   conftest.c   >&5
configure:16212: $? = 0
configure:16221: result: yes
configure:16348: checking for GLIB
configure:16356: $PKG_CONFIG --exists --print-errors "$which"
configure:16359: $? = 0
configure:16374: $PKG_CONFIG --exists --print-errors "$which"
configure:16377: $? = 0
configure:16429: result: yes
configure:16480: checking for glib-genmarshal
configure:16488: result: glib-genmarshal (from pkg-config path)
configure:16542: checking for glib-mkenums
configure:16549: result: glib-mkenums
configure:16562: checking for GIO
configure:16570: $PKG_CONFIG --exists --print-errors "gio-2.0 >= $GLIB_REQ"
configure:16573: $? = 0
configure:16588: $PKG_CONFIG --exists --print-errors "gio-2.0 >= $GLIB_REQ"
configure:16591: $? = 0
configure:16646: result: yes
configure:16686: checking for GST
configure:16694: $PKG_CONFIG --exists --print-errors "$module >= $minver"
configure:16697: $? = 0
configure:16712: $PKG_CONFIG --exists --print-errors "$module >= $minver"
configure:16715: $? = 0
configure:16771: result: yes
configure:16785: using GStreamer tools in /home/ubuntu/gstreamer/out/bin
configure:16795: using GStreamer plug-ins in /home/ubuntu/gstreamer/out/lib/gstreamer-1.0
configure:16808: Using GStreamer Core Plugins in /home/ubuntu/gstreamer/out/lib/gstreamer-1.0
configure:16819: checking for GST_BASE
configure:16827: $PKG_CONFIG --exists --print-errors "$module >= $minver"
configure:16830: $? = 0
configure:16845: $PKG_CONFIG --exists --print-errors "$module >= $minver"
configure:16848: $? = 0
configure:16904: result: yes
configure:16922: checking for GST_NET
configure:16930: $PKG_CONFIG --exists --print-errors "$module >= $minver"
configure:16933: $? = 0
configure:16948: $PKG_CONFIG --exists --print-errors "$module >= $minver"
configure:16951: $? = 0
configure:17007: result: yes
configure:17025: checking for GST_PLUGINS_BASE
configure:17033: $PKG_CONFIG --exists --print-errors "$module >= $minver"
configure:17036: $? = 0
configure:17051: $PKG_CONFIG --exists --print-errors "$module >= $minver"
configure:17054: $? = 0
configure:17110: result: yes
configure:17126: using GStreamer Base Plugins in /home/ubuntu/gstreamer/out/lib/gstreamer-1.0
configure:17135: Using GStreamer Base Plugins in /home/ubuntu/gstreamer/out/lib/gstreamer-1.0
configure:17146: checking for GST_PLUGINS_GOOD
configure:17154: $PKG_CONFIG --exists --print-errors "$module >= $minver"
Package gstreamer-plugins-good-1.0 was not found in the pkg-config search path.
Perhaps you should add the directory containing `gstreamer-plugins-good-1.0.pc'
to the PKG_CONFIG_PATH environment variable
No package 'gstreamer-plugins-good-1.0' found
configure:17157: $? = 1
configure:17172: $PKG_CONFIG --exists --print-errors "$module >= $minver"
Package gstreamer-plugins-good-1.0 was not found in the pkg-config search path.
Perhaps you should add the directory containing `gstreamer-plugins-good-1.0.pc'
to the PKG_CONFIG_PATH environment variable
No package 'gstreamer-plugins-good-1.0' found
configure:17175: $? = 1
No package 'gstreamer-plugins-good-1.0' found
configure:17203: result: no
configure:17207: No package 'gstreamer-plugins-good-1.0' found
configure:17212: no gstreamer-plugins-good-1.0 >= 1.11.90 (GStreamer Good Plugins) found
configure:17255: Using GStreamer Good Plugins in 
configure:17266: checking for GST_PLUGINS_BAD
configure:17274: $PKG_CONFIG --exists --print-errors "$module >= $minver"
Package gstreamer-plugins-bad-1.0 was not found in the pkg-config search path.
Perhaps you should add the directory containing `gstreamer-plugins-bad-1.0.pc'
to the PKG_CONFIG_PATH environment variable
No package 'gstreamer-plugins-bad-1.0' found
configure:17277: $? = 1
configure:17292: $PKG_CONFIG --exists --print-errors "$module >= $minver"
Package gstreamer-plugins-bad-1.0 was not found in the pkg-config search path.
Perhaps you should add the directory containing `gstreamer-plugins-bad-1.0.pc'
to the PKG_CONFIG_PATH environment variable
No package 'gstreamer-plugins-bad-1.0' found
configure:17295: $? = 1
No package 'gstreamer-plugins-bad-1.0' found
configure:17323: result: no
configure:17327: No package 'gstreamer-plugins-bad-1.0' found
configure:17332: no gstreamer-plugins-bad-1.0 >= 1.11.90 (GStreamer Bad Plugins) found
configure:17375: Using GStreamer Bad Plugins in 
configure:17386: checking for GST_CHECK
configure:17394: $PKG_CONFIG --exists --print-errors "$module >= $minver"
configure:17397: $? = 0
configure:17412: $PKG_CONFIG --exists --print-errors "$module >= $minver"
configure:17415: $? = 0
configure:17471: result: yes
configure:17494: checking for -Bsymbolic-functions linker flag
configure:17509: gcc -std=gnu99 -o conftest -g -O2  -Wl,-Bsymbolic-functions conftest.c  >&5
configure:17509: $? = 0
configure:17510: result: yes
configure:17567: Using /home/ubuntu/gstreamer/out/lib/gstreamer-1.0 as the plugin install location
configure:17604: Setting GST_PACKAGE_RELEASE_DATETIME to 2017-04-07
configure:17661: checking whether the GStreamer debugging system is enabled
configure:17680: gcc -std=gnu99 -c -pthread -I/home/ubuntu/gstreamer/out/include/gstreamer-1.0 -I/usr/include/glib-2.0 -I/usr/lib/x86_64-linux-gnu/glib-2.0/include   -g -O2  conftest.c >&5
configure:17680: $? = 0
configure:17694: result: yes
configure:17714: checking to see if compiler understands -Wall
configure:17731: gcc -std=gnu99 -c -g -O2 -Wall  conftest.c >&5
configure:17731: $? = 0
configure:17746: result: yes
configure:17751: checking to see if compiler understands -Wdeclaration-after-statement
configure:17768: gcc -std=gnu99 -c -g -O2 -Wdeclaration-after-statement  conftest.c >&5
configure:17768: $? = 0
configure:17783: result: yes
configure:17788: checking to see if compiler understands -Wvla
configure:17805: gcc -std=gnu99 -c -g -O2 -Wvla  conftest.c >&5
configure:17805: $? = 0
configure:17820: result: yes
configure:17825: checking to see if compiler understands -Wpointer-arith
configure:17842: gcc -std=gnu99 -c -g -O2 -Wpointer-arith  conftest.c >&5
configure:17842: $? = 0
configure:17857: result: yes
configure:17908: checking to see if compiler understands -Wmissing-declarations
configure:17925: gcc -std=gnu99 -c -g -O2 -Wmissing-declarations  conftest.c >&5
configure:17925: $? = 0
configure:17940: result: yes
configure:17908: checking to see if compiler understands -Wmissing-prototypes
configure:17925: gcc -std=gnu99 -c -g -O2 -Wmissing-prototypes  conftest.c >&5
configure:17925: $? = 0
configure:17940: result: yes
configure:17908: checking to see if compiler understands -Wredundant-decls
configure:17925: gcc -std=gnu99 -c -g -O2 -Wredundant-decls  conftest.c >&5
configure:17925: $? = 0
configure:17940: result: yes
configure:17908: checking to see if compiler understands -Wundef
configure:17925: gcc -std=gnu99 -c -g -O2 -Wundef  conftest.c >&5
configure:17925: $? = 0
configure:17940: result: yes
configure:17908: checking to see if compiler understands -Wwrite-strings
configure:17925: gcc -std=gnu99 -c -g -O2 -Wwrite-strings  conftest.c >&5
configure:17925: $? = 0
configure:17940: result: yes
configure:17908: checking to see if compiler understands -Wformat-nonliteral
configure:17925: gcc -std=gnu99 -c -g -O2 -Wformat-nonliteral  conftest.c >&5
configure:17925: $? = 0
configure:17940: result: yes
configure:17908: checking to see if compiler understands -Wformat-security
configure:17925: gcc -std=gnu99 -c -g -O2 -Wformat-security  conftest.c >&5
configure:17925: $? = 0
configure:17940: result: yes
configure:17908: checking to see if compiler understands -Wold-style-definition
configure:17925: gcc -std=gnu99 -c -g -O2 -Wold-style-definition  conftest.c >&5
conftest.c: In function 'main':
conftest.c:36:1: warning: old-style function definition [-Wold-style-definition]
 main ()
 ^
configure:17925: $? = 0
configure:17940: result: yes
configure:17908: checking to see if compiler understands -Winit-self
configure:17925: gcc -std=gnu99 -c -g -O2 -Winit-self  conftest.c >&5
configure:17925: $? = 0
configure:17940: result: yes
configure:17908: checking to see if compiler understands -Wmissing-include-dirs
configure:17925: gcc -std=gnu99 -c -g -O2 -Wmissing-include-dirs  conftest.c >&5
configure:17925: $? = 0
configure:17940: result: yes
configure:17908: checking to see if compiler understands -Waddress
configure:17925: gcc -std=gnu99 -c -g -O2 -Waddress  conftest.c >&5
configure:17925: $? = 0
configure:17940: result: yes
configure:17908: checking to see if compiler understands -Waggregate-return
configure:17925: gcc -std=gnu99 -c -g -O2 -Waggregate-return  conftest.c >&5
configure:17925: $? = 0
configure:17940: result: yes
configure:17908: checking to see if compiler understands -Wno-multichar
configure:17925: gcc -std=gnu99 -c -g -O2 -Wno-multichar  conftest.c >&5
configure:17925: $? = 0
configure:17940: result: yes
configure:17908: checking to see if compiler understands -Wnested-externs
configure:17925: gcc -std=gnu99 -c -g -O2 -Wnested-externs  conftest.c >&5
configure:17925: $? = 0
configure:17940: result: yes
configure:17952: set WARNING_CFLAGS to  -Wall -Wdeclaration-after-statement -Wvla -Wpointer-arith -Wmissing-declarations -Wmissing-prototypes -Wredundant-decls -Wundef -Wwrite-strings -Wformat-nonliteral -Wformat-security -Wold-style-definition -Winit-self -Wmissing-include-dirs -Waddress -Waggregate-return -Wno-multichar -Wnested-externs
configure:17954: set ERROR_CFLAGS to 
configure:18003: Using autoaudiosink as default audio sink
configure:18028: Using alsasrc as default audio source
configure:18053: Using autovideosink as default video sink
configure:18078: Using v4l2src as default video source
configure:18103: Using goom as default visualizer
configure:18158: checking whether to build static plugins or not
configure:18174: result: no
configure:18204: checking for LIBCGROUP
configure:18212: $PKG_CONFIG --exists --print-errors "libcgroup >= 0.26"
Package libcgroup was not found in the pkg-config search path.
Perhaps you should add the directory containing `libcgroup.pc'
to the PKG_CONFIG_PATH environment variable
No package 'libcgroup' found
configure:18215: $? = 1
configure:18230: $PKG_CONFIG --exists --print-errors "libcgroup >= 0.26"
Package libcgroup was not found in the pkg-config search path.
Perhaps you should add the directory containing `libcgroup.pc'
to the PKG_CONFIG_PATH environment variable
No package 'libcgroup' found
configure:18233: $? = 1
No package 'libcgroup' found
configure:18261: result: no
configure:18397: checking that generated files are newer than configure
configure:18403: result: done
configure:18502: creating ./config.status

## ---------------------- ##
## Running config.status. ##
## ---------------------- ##

This file was extended by GStreamer RTSP Server Library config.status 1.11.90, which was
generated by GNU Autoconf 2.69.  Invocation command line was

  CONFIG_FILES    = 
  CONFIG_HEADERS  = 
  CONFIG_LINKS    = 
  CONFIG_COMMANDS = 
  $ ./config.status 

on ubuntu

config.status:1280: creating Makefile
config.status:1280: creating common/Makefile
config.status:1280: creating common/m4/Makefile
config.status:1280: creating gst/Makefile
config.status:1280: creating gst/rtsp-server/Makefile
config.status:1280: creating gst/rtsp-sink/Makefile
config.status:1280: creating examples/Makefile
config.status:1280: creating tests/Makefile
config.status:1280: creating tests/check/Makefile
config.status:1280: creating pkgconfig/Makefile
config.status:1280: creating pkgconfig/gstreamer-rtsp-server.pc
config.status:1280: creating pkgconfig/gstreamer-rtsp-server-uninstalled.pc
config.status:1280: creating docs/Makefile
config.status:1280: creating docs/version.entities
config.status:1280: creating docs/libs/Makefile
config.status:1280: creating config.h
config.status:1509: executing depfiles commands
config.status:1509: executing libtool commands

## ---------------- ##
## Cache variables. ##
## ---------------- ##

ac_cv_build=x86_64-pc-linux-gnu
ac_cv_c_compiler_gnu=yes
ac_cv_env_CCASFLAGS_set=
ac_cv_env_CCASFLAGS_value=
ac_cv_env_CCAS_set=
ac_cv_env_CCAS_value=
ac_cv_env_CC_set=
ac_cv_env_CC_value=
ac_cv_env_CFLAGS_set=
ac_cv_env_CFLAGS_value=
ac_cv_env_CPPFLAGS_set=
ac_cv_env_CPPFLAGS_value=
ac_cv_env_CPP_set=
ac_cv_env_CPP_value=
ac_cv_env_GIO_CFLAGS_set=
ac_cv_env_GIO_CFLAGS_value=
ac_cv_env_GIO_LIBS_set=
ac_cv_env_GIO_LIBS_value=
ac_cv_env_GLIB_CFLAGS_set=
ac_cv_env_GLIB_CFLAGS_value=
ac_cv_env_GLIB_LIBS_set=
ac_cv_env_GLIB_LIBS_value=
ac_cv_env_GST_BASE_CFLAGS_set=
ac_cv_env_GST_BASE_CFLAGS_value=
ac_cv_env_GST_BASE_LIBS_set=
ac_cv_env_GST_BASE_LIBS_value=
ac_cv_env_GST_CFLAGS_set=
ac_cv_env_GST_CFLAGS_value=
ac_cv_env_GST_CHECK_CFLAGS_set=
ac_cv_env_GST_CHECK_CFLAGS_value=
ac_cv_env_GST_CHECK_LIBS_set=
ac_cv_env_GST_CHECK_LIBS_value=
ac_cv_env_GST_LIBS_set=
ac_cv_env_GST_LIBS_value=
ac_cv_env_GST_NET_CFLAGS_set=
ac_cv_env_GST_NET_CFLAGS_value=
ac_cv_env_GST_NET_LIBS_set=
ac_cv_env_GST_NET_LIBS_value=
ac_cv_env_GST_PLUGINS_BAD_CFLAGS_set=
ac_cv_env_GST_PLUGINS_BAD_CFLAGS_value=
ac_cv_env_GST_PLUGINS_BAD_LIBS_set=
ac_cv_env_GST_PLUGINS_BAD_LIBS_value=
ac_cv_env_GST_PLUGINS_BASE_CFLAGS_set=
ac_cv_env_GST_PLUGINS_BASE_CFLAGS_value=
ac_cv_env_GST_PLUGINS_BASE_LIBS_set=
ac_cv_env_GST_PLUGINS_BASE_LIBS_value=
ac_cv_env_GST_PLUGINS_GOOD_CFLAGS_set=
ac_cv_env_GST_PLUGINS_GOOD_CFLAGS_value=
ac_cv_env_GST_PLUGINS_GOOD_LIBS_set=
ac_cv_env_GST_PLUGINS_GOOD_LIBS_value=
ac_cv_env_GTKDOC_DEPS_CFLAGS_set=
ac_cv_env_GTKDOC_DEPS_CFLAGS_value=
ac_cv_env_GTKDOC_DEPS_LIBS_set=
ac_cv_env_GTKDOC_DEPS_LIBS_value=
ac_cv_env_LDFLAGS_set=
ac_cv_env_LDFLAGS_value=
ac_cv_env_LIBCGROUP_CFLAGS_set=
ac_cv_env_LIBCGROUP_CFLAGS_value=
ac_cv_env_LIBCGROUP_LIBS_set=
ac_cv_env_LIBCGROUP_LIBS_value=
ac_cv_env_LIBS_set=
ac_cv_env_LIBS_value=
ac_cv_env_LT_SYS_LIBRARY_PATH_set=
ac_cv_env_LT_SYS_LIBRARY_PATH_value=
ac_cv_env_PKG_CONFIG_set=
ac_cv_env_PKG_CONFIG_value=
ac_cv_env_VALGRIND_CFLAGS_set=
ac_cv_env_VALGRIND_CFLAGS_value=
ac_cv_env_VALGRIND_LIBS_set=
ac_cv_env_VALGRIND_LIBS_value=
ac_cv_env_build_alias_set=
ac_cv_env_build_alias_value=
ac_cv_env_host_alias_set=
ac_cv_env_host_alias_value=
ac_cv_env_target_alias_set=
ac_cv_env_target_alias_value=
ac_cv_func_dlopen=no
ac_cv_func_shl_load=no
ac_cv_header_dlfcn_h=yes
ac_cv_header_inttypes_h=yes
ac_cv_header_memory_h=yes
ac_cv_header_stdc=yes
ac_cv_header_stdint_h=yes
ac_cv_header_stdlib_h=yes
ac_cv_header_string_h=yes
ac_cv_header_strings_h=yes
ac_cv_header_sys_stat_h=yes
ac_cv_header_sys_types_h=yes
ac_cv_header_unistd_h=yes
ac_cv_host=x86_64-pc-linux-gnu
ac_cv_lib_dl_dlopen=yes
ac_cv_lib_dld_shl_load=no
ac_cv_objext=o
ac_cv_path_EGREP='/bin/grep -E'
ac_cv_path_FGREP='/bin/grep -F'
ac_cv_path_GREP=/bin/grep
ac_cv_path_GTKDOC_CHECK=/usr/bin/gtkdoc-check
ac_cv_path_GTKDOC_MKPDF=/usr/bin/gtkdoc-mkpdf
ac_cv_path_GTKDOC_REBASE=/usr/bin/gtkdoc-rebase
ac_cv_path_SED=/bin/sed
ac_cv_path_VALGRIND_PATH=no
ac_cv_path_ac_pt_PKG_CONFIG=/usr/bin/pkg-config
ac_cv_path_install='/usr/bin/install -c'
ac_cv_path_lt_DD=/bin/dd
ac_cv_path_mkdir=/bin/mkdir
ac_cv_prog_AWK=mawk
ac_cv_prog_CPP='gcc -E'
ac_cv_prog_ac_ct_AR=ar
ac_cv_prog_ac_ct_CC=gcc
ac_cv_prog_ac_ct_MANIFEST_TOOL=mt
ac_cv_prog_ac_ct_OBJDUMP=objdump
ac_cv_prog_ac_ct_RANLIB=ranlib
ac_cv_prog_ac_ct_STRIP=strip
ac_cv_prog_cc_c89=
ac_cv_prog_cc_c99=-std=gnu99
ac_cv_prog_cc_g=yes
ac_cv_prog_cc_stdc=-std=gnu99
ac_cv_prog_make_make_set=yes
ac_cv_target=x86_64-pc-linux-gnu
am_cv_CCAS_dependencies_compiler_type=gcc3
am_cv_CC_dependencies_compiler_type=gcc3
am_cv_make_support_nested_variables=yes
am_cv_prog_cc_c_o=yes
am_cv_prog_tar_ustar=gnutar
ax_cv_PTHREAD_CLANG=no
ax_cv_PTHREAD_JOINABLE_ATTR=PTHREAD_CREATE_JOINABLE
ax_cv_PTHREAD_PRIO_INHERIT=yes
ax_cv_PTHREAD_SPECIAL_FLAGS=no
lt_cv_ar_at_file=@
lt_cv_archive_cmds_need_lc=no
lt_cv_deplibs_check_method=pass_all
lt_cv_dlopen=dlopen
lt_cv_dlopen_libs=-ldl
lt_cv_dlopen_self=yes
lt_cv_dlopen_self_static=no
lt_cv_file_magic_cmd='$MAGIC_CMD'
lt_cv_file_magic_test_file=
lt_cv_ld_reload_flag=-r
lt_cv_nm_interface='BSD nm'
lt_cv_objdir=.libs
lt_cv_path_LD=/usr/bin/ld
lt_cv_path_NM='/usr/bin/nm -B'
lt_cv_path_mainfest_tool=no
lt_cv_prog_compiler_c_o=yes
lt_cv_prog_compiler_pic='-fPIC -DPIC'
lt_cv_prog_compiler_pic_works=yes
lt_cv_prog_compiler_rtti_exceptions=no
lt_cv_prog_compiler_static_works=yes
lt_cv_prog_gnu_ld=yes
lt_cv_sharedlib_from_linklib_cmd='printf %s\n'
lt_cv_shlibpath_overrides_runpath=no
lt_cv_sys_global_symbol_pipe='sed -n -e '\''s/^.*[	 ]\([ABCDGIRSTW][ABCDGIRSTW]*\)[	 ][	 ]*\([_A-Za-z][_A-Za-z0-9]*\)$/\1 \2 \2/p'\'' | sed '\''/ __gnu_lto/d'\'''
lt_cv_sys_global_symbol_to_c_name_address='sed -n -e '\''s/^: \(.*\) .*$/  {"\1", (void *) 0},/p'\'' -e '\''s/^[ABCDGIRSTW][ABCDGIRSTW]* .* \(.*\)$/  {"\1", (void *) \&\1},/p'\'''
lt_cv_sys_global_symbol_to_c_name_address_lib_prefix='sed -n -e '\''s/^: \(.*\) .*$/  {"\1", (void *) 0},/p'\'' -e '\''s/^[ABCDGIRSTW][ABCDGIRSTW]* .* \(lib.*\)$/  {"\1", (void *) \&\1},/p'\'' -e '\''s/^[ABCDGIRSTW][ABCDGIRSTW]* .* \(.*\)$/  {"lib\1", (void *) \&\1},/p'\'''
lt_cv_sys_global_symbol_to_cdecl='sed -n -e '\''s/^T .* \(.*\)$/extern int \1();/p'\'' -e '\''s/^[ABCDGIRSTW][ABCDGIRSTW]* .* \(.*\)$/extern char \1;/p'\'''
lt_cv_sys_global_symbol_to_import=
lt_cv_sys_max_cmd_len=1572864
lt_cv_to_host_file_cmd=func_convert_file_noop
lt_cv_to_tool_file_cmd=func_convert_file_noop
lt_cv_truncate_bin='/bin/dd bs=4096 count=1'
pkg_cv_GIO_CFLAGS='-pthread -I/usr/include/glib-2.0 -I/usr/lib/x86_64-linux-gnu/glib-2.0/include  '
pkg_cv_GIO_LIBS='-lgio-2.0 -lgobject-2.0 -lglib-2.0  '
pkg_cv_GLIB_CFLAGS='-pthread -I/usr/include/glib-2.0 -I/usr/lib/x86_64-linux-gnu/glib-2.0/include  '
pkg_cv_GLIB_LIBS='-pthread -lgobject-2.0 -lgmodule-2.0 -lglib-2.0  '
pkg_cv_GST_BASE_CFLAGS='-pthread -I/home/ubuntu/gstreamer/out/include/gstreamer-1.0 -I/usr/include/glib-2.0 -I/usr/lib/x86_64-linux-gnu/glib-2.0/include  '
pkg_cv_GST_BASE_LIBS='-L/home/ubuntu/gstreamer/out/lib -lgstbase-1.0 -lgstreamer-1.0 -lgobject-2.0 -lglib-2.0  '
pkg_cv_GST_CFLAGS='-pthread -I/home/ubuntu/gstreamer/out/include/gstreamer-1.0 -I/usr/include/glib-2.0 -I/usr/lib/x86_64-linux-gnu/glib-2.0/include  '
pkg_cv_GST_CHECK_CFLAGS='-pthread -I/home/ubuntu/gstreamer/out/include/gstreamer-1.0 -I/usr/include/glib-2.0 -I/usr/lib/x86_64-linux-gnu/glib-2.0/include  '
pkg_cv_GST_CHECK_LIBS='-L/home/ubuntu/gstreamer/out/lib -lgstcheck-1.0 -lm -lgstreamer-1.0 -lgobject-2.0 -lglib-2.0  '
pkg_cv_GST_LIBS='-L/home/ubuntu/gstreamer/out/lib -lgstreamer-1.0 -lgobject-2.0 -lglib-2.0  '
pkg_cv_GST_NET_CFLAGS='-pthread -I/home/ubuntu/gstreamer/out/include/gstreamer-1.0 -I/usr/include/glib-2.0 -I/usr/lib/x86_64-linux-gnu/glib-2.0/include  '
pkg_cv_GST_NET_LIBS='-L/home/ubuntu/gstreamer/out/lib -lgstnet-1.0 -lgstreamer-1.0 -lgio-2.0 -lgobject-2.0 -lglib-2.0  '
pkg_cv_GST_PLUGINS_BASE_CFLAGS='-pthread -I/home/ubuntu/gstreamer/out/include/gstreamer-1.0 -I/usr/include/glib-2.0 -I/usr/lib/x86_64-linux-gnu/glib-2.0/include  '
pkg_cv_GST_PLUGINS_BASE_LIBS='-L/home/ubuntu/gstreamer/out/lib -lgstreamer-1.0 -lgobject-2.0 -lglib-2.0  '

## ----------------- ##
## Output variables. ##
## ----------------- ##

ACLOCAL='${SHELL} /home/ubuntu/Downloads/Gstreamer1.9/gst-rtsp-server-1.11.90/missing aclocal-1.15'
ACLOCAL_AMFLAGS='-I m4 -I common/m4'
AMDEPBACKSLASH='\'
AMDEP_FALSE='#'
AMDEP_TRUE=''
AMTAR='$${TAR-tar}'
AM_BACKSLASH='\'
AM_DEFAULT_V='$(AM_DEFAULT_VERBOSITY)'
AM_DEFAULT_VERBOSITY='0'
AM_V='$(V)'
AR='ar'
AS='as'
AUTOCONF='${SHELL} /home/ubuntu/Downloads/Gstreamer1.9/gst-rtsp-server-1.11.90/missing autoconf'
AUTOHEADER='${SHELL} /home/ubuntu/Downloads/Gstreamer1.9/gst-rtsp-server-1.11.90/missing autoheader'
AUTOMAKE='${SHELL} /home/ubuntu/Downloads/Gstreamer1.9/gst-rtsp-server-1.11.90/missing automake-1.15'
AWK='mawk'
BUILD_EXAMPLES_FALSE='#'
BUILD_EXAMPLES_TRUE=''
BUILD_TESTS_FALSE='#'
BUILD_TESTS_TRUE=''
CAT_ENTRY_END=''
CAT_ENTRY_START=''
CC='gcc -std=gnu99'
CCAS='gcc -std=gnu99'
CCASDEPMODE='depmode=gcc3'
CCASFLAGS='-g -O2'
CCDEPMODE='depmode=gcc3'
CFLAGS='-g -O2'
CPP='gcc -E'
CPPFLAGS=''
CXXFLAGS=''
CYGPATH_W='echo'
DEFAULT_AUDIOSINK='autoaudiosink'
DEFAULT_AUDIOSRC='alsasrc'
DEFAULT_VIDEOSINK='autovideosink'
DEFAULT_VIDEOSRC='v4l2src'
DEFAULT_VISUALIZER='goom'
DEFS='-DHAVE_CONFIG_H'
DEPDIR='.deps'
DEPRECATED_CFLAGS=''
DLLTOOL='false'
DOCBOOK_ROOT=''
DOC_HTML_FALSE=''
DOC_HTML_TRUE='#'
DOC_PDF_FALSE=''
DOC_PDF_TRUE='#'
DOC_PS_FALSE=''
DOC_PS_TRUE='#'
DSYMUTIL=''
DUMPBIN=''
ECHO_C=''
ECHO_N='-n'
ECHO_T=''
EGREP='/bin/grep -E'
ENABLE_DOCBOOK_FALSE=''
ENABLE_DOCBOOK_TRUE='#'
ENABLE_GTK_DOC_FALSE=''
ENABLE_GTK_DOC_TRUE='#'
ERROR_CFLAGS=''
EXEEXT=''
FFLAGS=''
FGREP='/bin/grep -F'
GCOV=''
GCOV_CFLAGS=''
GCOV_LIBS=''
GIO_CFLAGS='-pthread -I/usr/include/glib-2.0 -I/usr/lib/x86_64-linux-gnu/glib-2.0/include  '
GIO_LDFLAGS=''
GIO_LIBS='-lgio-2.0 -lgobject-2.0 -lglib-2.0  '
GLIB_CFLAGS='-pthread -I/usr/include/glib-2.0 -I/usr/lib/x86_64-linux-gnu/glib-2.0/include  '
GLIB_EXTRA_CFLAGS=' -DG_THREADS_MANDATORY -DG_DISABLE_CAST_CHECKS'
GLIB_GENMARSHAL='glib-genmarshal'
GLIB_LIBS='-pthread -lgobject-2.0 -lgmodule-2.0 -lglib-2.0  '
GLIB_MKENUMS='glib-mkenums'
GLIB_REQ='2.40.0'
GREP='/bin/grep'
GSTPB_PLUGINS_DIR='/home/ubuntu/gstreamer/out/lib/gstreamer-1.0'
GSTPD_PLUGINS_DIR=''
GSTPG_PLUGINS_DIR=''
GST_AGE='1190'
GST_ALL_CFLAGS='-I$(top_srcdir) -I$(top_builddir) -pthread -I/home/ubuntu/gstreamer/out/include/gstreamer-1.0 -I/usr/include/glib-2.0 -I/usr/lib/x86_64-linux-gnu/glib-2.0/include   -pthread -I/home/ubuntu/gstreamer/out/include/gstreamer-1.0 -I/usr/include/glib-2.0 -I/usr/lib/x86_64-linux-gnu/glib-2.0/include   $(GST_STATIC_CFLAGS) $(GST_OPTION_CFLAGS) $(GST_OPTION_CFLAGS)'
GST_ALL_LDFLAGS='-no-undefined -Wl,-Bsymbolic-functions'
GST_ALL_LIBS='-L/home/ubuntu/gstreamer/out/lib -lgstreamer-1.0 -lgobject-2.0 -lglib-2.0    $(GCOV_LIBS)'
GST_API_VERSION='1.0'
GST_BASE_CFLAGS='-pthread -I/home/ubuntu/gstreamer/out/include/gstreamer-1.0 -I/usr/include/glib-2.0 -I/usr/lib/x86_64-linux-gnu/glib-2.0/include  '
GST_BASE_LIBS='-L/home/ubuntu/gstreamer/out/lib -lgstbase-1.0 -lgstreamer-1.0 -lgobject-2.0 -lglib-2.0  '
GST_CFLAGS='-pthread -I/home/ubuntu/gstreamer/out/include/gstreamer-1.0 -I/usr/include/glib-2.0 -I/usr/lib/x86_64-linux-gnu/glib-2.0/include   $(GST_STATIC_CFLAGS) $(GST_OPTION_CFLAGS)'
GST_CHECK_CFLAGS='-pthread -I/home/ubuntu/gstreamer/out/include/gstreamer-1.0 -I/usr/include/glib-2.0 -I/usr/lib/x86_64-linux-gnu/glib-2.0/include  '
GST_CHECK_LIBS='-L/home/ubuntu/gstreamer/out/lib -lgstcheck-1.0 -lm -lgstreamer-1.0 -lgobject-2.0 -lglib-2.0  '
GST_CURRENT='1190'
GST_GCOV_ENABLED_FALSE=''
GST_GCOV_ENABLED_TRUE='#'
GST_LEVEL_DEFAULT='GST_LEVEL_NONE'
GST_LIBS='-L/home/ubuntu/gstreamer/out/lib -lgstreamer-1.0 -lgobject-2.0 -lglib-2.0  '
GST_LIBVERSION='1190:0:1190'
GST_LIB_LDFLAGS='-export-symbols-regex \^_?\(gst_\|Gst\|GST_\).*'
GST_LICENSE='LGPL'
GST_LT_LDFLAGS=' -version-info 1190:0:1190'
GST_NET_CFLAGS='-pthread -I/home/ubuntu/gstreamer/out/include/gstreamer-1.0 -I/usr/include/glib-2.0 -I/usr/lib/x86_64-linux-gnu/glib-2.0/include  '
GST_NET_LIBS='-L/home/ubuntu/gstreamer/out/lib -lgstnet-1.0 -lgstreamer-1.0 -lgio-2.0 -lgobject-2.0 -lglib-2.0  '
GST_OBJ_CFLAGS='$(GST_ALL_CFLAGS)'
GST_OBJ_LIBS='$(top_builddir)/gst/rtsp-server/libgstrtspserver-1.0.la $(GST_ALL_LIBS)'
GST_OPTION_CFLAGS='$(WARNING_CFLAGS) $(ERROR_CFLAGS) $(DEBUG_CFLAGS) $(PROFILE_CFLAGS) $(GCOV_CFLAGS) $(OPT_CFLAGS) $(DEPRECATED_CFLAGS)'
GST_PACKAGE_NAME='GStreamer RTSP Server Library source release'
GST_PACKAGE_ORIGIN='Unknown package origin'
GST_PKG_CONFIG_PATH='$(top_builddir)/pkgconfig:/home/ubuntu/gstreamer/out/lib/pkgconfig'
GST_PLUGINS_BAD_CFLAGS=''
GST_PLUGINS_BAD_DIR=''
GST_PLUGINS_BAD_LIBS=''
GST_PLUGINS_BASE_CFLAGS='-pthread -I/home/ubuntu/gstreamer/out/include/gstreamer-1.0 -I/usr/include/glib-2.0 -I/usr/lib/x86_64-linux-gnu/glib-2.0/include  '
GST_PLUGINS_BASE_DIR='/home/ubuntu/gstreamer/out/lib/gstreamer-1.0/gst:/home/ubuntu/gstreamer/out/lib/gstreamer-1.0/sys:/home/ubuntu/gstreamer/out/lib/gstreamer-1.0/ext'
GST_PLUGINS_BASE_LIBS='-L/home/ubuntu/gstreamer/out/lib -lgstreamer-1.0 -lgobject-2.0 -lglib-2.0  '
GST_PLUGINS_DIR='/home/ubuntu/gstreamer/out/lib/gstreamer-1.0'
GST_PLUGINS_GOOD_CFLAGS=''
GST_PLUGINS_GOOD_DIR=''
GST_PLUGINS_GOOD_LIBS=''
GST_PLUGIN_BUILD_STATIC_FALSE=''
GST_PLUGIN_BUILD_STATIC_TRUE='#'
GST_PLUGIN_LDFLAGS='-module -avoid-version -export-symbols-regex '\''^_*gst_plugin_.*'\'' -no-undefined -Wl,-Bsymbolic-functions'
GST_PLUGIN_LIBTOOLFLAGS='--tag=disable-static'
GST_REVISION='0'
GST_STATIC_CFLAGS=''
GST_TOOLS_DIR='/home/ubuntu/gstreamer/out/bin'
GTKDOC_CHECK='/usr/bin/gtkdoc-check'
GTKDOC_DEPS_CFLAGS=''
GTKDOC_DEPS_LIBS=''
GTKDOC_MKPDF='/usr/bin/gtkdoc-mkpdf'
GTKDOC_REBASE='/usr/bin/gtkdoc-rebase'
GTK_DOC_BUILD_HTML_FALSE='#'
GTK_DOC_BUILD_HTML_TRUE=''
GTK_DOC_BUILD_PDF_FALSE=''
GTK_DOC_BUILD_PDF_TRUE='#'
GTK_DOC_USE_LIBTOOL_FALSE='#'
GTK_DOC_USE_LIBTOOL_TRUE=''
HAVE_CHECK_FALSE='#'
HAVE_CHECK_TRUE=''
HAVE_DOCBOOK2PS=''
HAVE_DVIPS=''
HAVE_EPSTOPDF=''
HAVE_INTROSPECTION_FALSE=''
HAVE_INTROSPECTION_TRUE='#'
HAVE_JADETEX=''
HAVE_LIBCGROUP_FALSE=''
HAVE_LIBCGROUP_TRUE='#'
HAVE_PNGTOPNM=''
HAVE_PNMTOPS=''
HAVE_PS2PDF=''
HAVE_VALGRIND_FALSE=''
HAVE_VALGRIND_TRUE='#'
HAVE_XMLLINT=''
HAVE_XSLTPROC=''
HTML_DIR='${datadir}/gtk-doc/html'
INSTALL_DATA='${INSTALL} -m 644'
INSTALL_PROGRAM='${INSTALL}'
INSTALL_SCRIPT='${INSTALL}'
INSTALL_STRIP_PROGRAM='$(install_sh) -c -s'
INTROSPECTION_CFLAGS=''
INTROSPECTION_COMPILER=''
INTROSPECTION_GENERATE=''
INTROSPECTION_GIRDIR=''
INTROSPECTION_INIT=''
INTROSPECTION_LIBS=''
INTROSPECTION_MAKEFILE=''
INTROSPECTION_SCANNER=''
INTROSPECTION_TYPELIBDIR=''
LD='/usr/bin/ld -m elf_x86_64'
LDFLAGS=''
LIBCGROUP_CFLAGS=''
LIBCGROUP_LIBS=''
LIBOBJS=''
LIBS=''
LIBTOOL='$(SHELL) $(top_builddir)/libtool'
LIPO=''
LN_S='ln -s'
LTLIBOBJS=''
LT_SYS_LIBRARY_PATH=''
MAINT=''
MAINTAINER_MODE_FALSE='#'
MAINTAINER_MODE_TRUE=''
MAKEINFO='${SHELL} /home/ubuntu/Downloads/Gstreamer1.9/gst-rtsp-server-1.11.90/missing makeinfo'
MANIFEST_TOOL=':'
MKDIR_P='/bin/mkdir -p'
NM='/usr/bin/nm -B'
NMEDIT=''
OBJDUMP='objdump'
OBJEXT='o'
OTOOL64=''
OTOOL=''
PACKAGE='gst-rtsp-server'
PACKAGE_BUGREPORT='http://bugzilla.gnome.org/enter_bug.cgi?product=GStreamer'
PACKAGE_NAME='GStreamer RTSP Server Library'
PACKAGE_STRING='GStreamer RTSP Server Library 1.11.90'
PACKAGE_TARNAME='gst-rtsp-server'
PACKAGE_URL=''
PACKAGE_VERSION='1.11.90'
PACKAGE_VERSION_MAJOR='1'
PACKAGE_VERSION_MICRO='90'
PACKAGE_VERSION_MINOR='11'
PACKAGE_VERSION_NANO='0'
PACKAGE_VERSION_RELEASE='1'
PATH_SEPARATOR=':'
PKG_CONFIG='/usr/bin/pkg-config'
PLUGINDIR='/home/ubuntu/gstreamer/out/lib/gstreamer-1.0'
PROFILE_CFLAGS='-g'
PTHREAD_CC='gcc -std=gnu99'
PTHREAD_CFLAGS='-pthread'
PTHREAD_LIBS=''
RANLIB='ranlib'
SED='/bin/sed'
SET_MAKE=''
SHELL='/bin/bash'
STRIP='strip'
VALGRIND_CFLAGS=''
VALGRIND_LIBS=''
VALGRIND_PATH='no'
VERSION='1.11.90'
WARNING_CFLAGS=' -Wall -Wdeclaration-after-statement -Wvla -Wpointer-arith -Wmissing-declarations -Wmissing-prototypes -Wredundant-decls -Wundef -Wwrite-strings -Wformat-nonliteral -Wformat-security -Wold-style-definition -Winit-self -Wmissing-include-dirs -Waddress -Waggregate-return -Wno-multichar -Wnested-externs'
XML_CATALOG=''
XSLTPROC=''
XSLTPROC_FLAGS=''
ac_ct_AR='ar'
ac_ct_CC='gcc'
ac_ct_DUMPBIN=''
am__EXEEXT_FALSE=''
am__EXEEXT_TRUE='#'
am__fastdepCCAS_FALSE='#'
am__fastdepCCAS_TRUE=''
am__fastdepCC_FALSE='#'
am__fastdepCC_TRUE=''
am__include='include'
am__isrc=''
am__leading_dot='.'
am__nodep='_no'
am__quote=''
am__tar='tar --format=ustar -chf - "$$tardir"'
am__untar='tar -xf -'
ax_pthread_config=''
bindir='${exec_prefix}/bin'
build='x86_64-pc-linux-gnu'
build_alias=''
build_cpu='x86_64'
build_os='linux-gnu'
build_vendor='pc'
datadir='${datarootdir}'
datarootdir='${prefix}/share'
docdir='$(datadir)/doc/gst-rtsp-server-1.0'
dvidir='${docdir}'
exec_prefix='${prefix}'
host='x86_64-pc-linux-gnu'
host_alias=''
host_cpu='x86_64'
host_os='linux-gnu'
host_vendor='pc'
htmldir='${docdir}'
includedir='${prefix}/include'
infodir='${datarootdir}/info'
install_sh='${SHELL} /home/ubuntu/Downloads/Gstreamer1.9/gst-rtsp-server-1.11.90/install-sh'
libdir='${exec_prefix}/lib'
libexecdir='${exec_prefix}/libexec'
localedir='${datarootdir}/locale'
localstatedir='${prefix}/var'
mandir='${datarootdir}/man'
mkdir_p='$(MKDIR_P)'
oldincludedir='/usr/include'
pdfdir='${docdir}'
plugindir='$(libdir)/gstreamer-1.0'
prefix='/home/ubuntu/gstreamer/out'
program_transform_name='s,x,x,'
psdir='${docdir}'
runstatedir='${localstatedir}/run'
sbindir='${exec_prefix}/sbin'
sharedstatedir='${prefix}/com'
sysconfdir='${prefix}/etc'
target='x86_64-pc-linux-gnu'
target_alias=''
target_cpu='x86_64'
target_os='linux-gnu'
target_vendor='pc'

## ----------- ##
## confdefs.h. ##
## ----------- ##

/* confdefs.h */
#define PACKAGE_NAME "GStreamer RTSP Server Library"
#define PACKAGE_TARNAME "gst-rtsp-server"
#define PACKAGE_VERSION "1.11.90"
#define PACKAGE_STRING "GStreamer RTSP Server Library 1.11.90"
#define PACKAGE_BUGREPORT "http://bugzilla.gnome.org/enter_bug.cgi?product=GStreamer"
#define PACKAGE_URL ""
#define PACKAGE "gst-rtsp-server"
#define VERSION "1.11.90"
#define STDC_HEADERS 1
#define HAVE_SYS_TYPES_H 1
#define HAVE_SYS_STAT_H 1
#define HAVE_STDLIB_H 1
#define HAVE_STRING_H 1
#define HAVE_MEMORY_H 1
#define HAVE_STRINGS_H 1
#define HAVE_INTTYPES_H 1
#define HAVE_STDINT_H 1
#define HAVE_UNISTD_H 1
#define HAVE_DLFCN_H 1
#define LT_OBJDIR ".libs/"
#define GST_PACKAGE_NAME "GStreamer RTSP Server Library source release"
#define GST_PACKAGE_ORIGIN "Unknown package origin"
#define GST_PACKAGE_RELEASE_DATETIME "2017-04-07"
#define HAVE_PTHREAD_PRIO_INHERIT 1
#define HAVE_PTHREAD 1
#define GIO_MODULE_DIR "/usr/lib/x86_64-linux-gnu/gio/modules"
#define GIO_LIBDIR "/usr/lib/x86_64-linux-gnu"
#define GIO_PREFIX "/usr"
#define GST_LICENSE "LGPL"
#define PLUGINDIR "/home/ubuntu/gstreamer/out/lib/gstreamer-1.0"
#define GST_PACKAGE_RELEASE_DATETIME "2017-04-07"
#define GST_LEVEL_DEFAULT GST_LEVEL_NONE
#define DEFAULT_AUDIOSINK "autoaudiosink"
#define DEFAULT_AUDIOSRC "alsasrc"
#define DEFAULT_VIDEOSINK "autovideosink"
#define DEFAULT_VIDEOSRC "v4l2src"
#define DEFAULT_VISUALIZER "goom"

configure: exit 0
